{
  "Cucumber Features": {
    "coverage": {
      "/home/ec2-user/environment/hw-acceptance-unit-test-cycle.1/rottenpotatoes/app/models/movie.rb": {
        "lines": [
          1,
          null,
          1,
          null,
          9,
          null,
          null,
          1,
          9,
          7,
          null,
          2,
          null,
          null,
          1,
          2,
          2,
          1,
          null,
          null
        ]
      },
      "/home/ec2-user/environment/hw-acceptance-unit-test-cycle.1/rottenpotatoes/app/controllers/movies_controller.rb": {
        "lines": [
          1,
          null,
          1,
          3,
          3,
          null,
          null,
          null,
          1,
          null,
          null,
          null,
          null,
          null,
          9,
          9,
          9,
          null,
          null,
          null,
          null,
          null,
          null,
          null,
          null,
          9,
          9,
          null,
          9,
          2,
          2,
          null,
          null,
          9,
          9,
          null,
          null,
          null,
          null,
          null,
          9,
          4,
          4,
          null,
          1,
          1,
          null,
          1,
          1,
          null,
          null,
          null,
          null,
          null,
          1,
          0,
          0,
          0,
          null,
          null,
          1,
          1,
          null,
          null,
          1,
          1,
          1,
          1,
          1,
          null,
          null,
          1,
          0,
          0,
          0,
          0,
          null,
          null,
          1,
          2,
          2,
          1,
          1,
          null,
          2,
          null,
          null,
          1,
          null,
          null,
          1,
          1,
          null,
          null
        ]
      },
      "/home/ec2-user/environment/hw-acceptance-unit-test-cycle.1/rottenpotatoes/app/controllers/application_controller.rb": {
        "lines": [
          1,
          null,
          null,
          1,
          null
        ]
      },
      "/home/ec2-user/environment/hw-acceptance-unit-test-cycle.1/rottenpotatoes/app/helpers/application_helper.rb": {
        "lines": [
          1,
          null
        ]
      },
      "/home/ec2-user/environment/hw-acceptance-unit-test-cycle.1/rottenpotatoes/app/helpers/movies_helper.rb": {
        "lines": [
          1,
          null,
          null,
          null,
          null,
          null
        ]
      }
    },
    "timestamp": 1634186444
  },
  "RSpec": {
    "coverage": {
      "/home/ec2-user/environment/hw-acceptance-unit-test-cycle.1/rottenpotatoes/app/helpers/application_helper.rb": {
        "lines": [
          1,
          null
        ]
      },
      "/home/ec2-user/environment/hw-acceptance-unit-test-cycle.1/rottenpotatoes/app/helpers/movies_helper.rb": {
        "lines": [
          1,
          null,
          null,
          null,
          null,
          null
        ]
      },
      "/home/ec2-user/environment/hw-acceptance-unit-test-cycle.1/rottenpotatoes/app/controllers/movies_controller.rb": {
        "lines": [
          1,
          null,
          1,
          2,
          2,
          null,
          null,
          null,
          1,
          null,
          null,
          null,
          null,
          null,
          5,
          5,
          5,
          null,
          null,
          null,
          null,
          null,
          null,
          null,
          null,
          5,
          5,
          null,
          5,
          1,
          1,
          null,
          null,
          5,
          5,
          null,
          null,
          null,
          null,
          null,
          5,
          3,
          3,
          null,
          1,
          1,
          null,
          1,
          1,
          null,
          null,
          null,
          null,
          null,
          1,
          2,
          2,
          2,
          null,
          null,
          1,
          2,
          null,
          null,
          1,
          2,
          2,
          2,
          2,
          null,
          null,
          1,
          2,
          2,
          2,
          2,
          null,
          null,
          1,
          3,
          3,
          2,
          2,
          null,
          3,
          null,
          null,
          1,
          null,
          null,
          1,
          4,
          null,
          null
        ]
      },
      "/home/ec2-user/environment/hw-acceptance-unit-test-cycle.1/rottenpotatoes/app/controllers/application_controller.rb": {
        "lines": [
          1,
          null,
          null,
          1,
          null
        ]
      },
      "/home/ec2-user/environment/hw-acceptance-unit-test-cycle.1/rottenpotatoes/app/models/movie.rb": {
        "lines": [
          1,
          null,
          1,
          null,
          6,
          null,
          null,
          1,
          7,
          5,
          null,
          2,
          null,
          null,
          1,
          4,
          4,
          4,
          null,
          null
        ]
      }
    },
    "timestamp": 1634186456
  }
}
